<?xml version="1.0" encoding="UTF-8"?>
<!-- Generated by org.testng.reporters.JUnitXMLReporter -->
<testsuite hostname="Umang-PC" ignored="0" name="Free CRM" tests="4" failures="0" timestamp="08 Nov 2017 11:01:27 GMT" time="63.06" errors="0">
  <testcase name="verifyHomePageTitleTest" time="0.439" classname="com.adminpanel.qa.testcases.HomePageTest"/>
  <testcase name="verifyUserNameLabelTest" time="0.605" classname="com.adminpanel.qa.testcases.HomePageTest"/>
  <testcase name="loginPageTitle" time="0.046" classname="com.adminpanel.qa.testcases.LoginPageTest"/>
  <testcase name="valiateLogin" time="9.447" classname="com.adminpanel.qa.testcases.LoginPageTest"/>
</testsuite> <!-- Free CRM -->
