<?xml version="1.0" encoding="UTF-8" ?>
<testsuite tests="12" failures="7" name="TestSuite" time="125.941" errors="0" skipped="0">
  <properties>
[...]
</properties>
  <testcase classname="com.adminpanel.qa.testcases.AddBuilderTest" name="addBuilderTest" time="3.358">
    <failure message="
Data provider mismatch
Method: addBuilderTest([Parameter{index=0, type=java.lang.String, declaredAnnotations=[]}, Parameter{index=1, type=java.lang.String, declaredAnnotations=[]}, Parameter{index=2, type=java.lang.String, declaredAnnotations=[]}, Parameter{index=3, type=java.lang.String, declaredAnnotations=[]}, Parameter{index=4, type=java.lang.String, declaredAnnotations=[]}, Parameter{index=5, type=java.lang.String, declaredAnnotations=[]}, Parameter{index=6, type=java.lang.String, declaredAnnotations=[]}, Parameter{index=7, type=java.lang.String, declaredAnnotations=[]}, Parameter{index=8, type=java.lang.String, declaredAnnotations=[]}, Parameter{index=9, type=java.lang.String, declaredAnnotations=[]}, Parameter{index=10, type=java.lang.String, declaredAnnotations=[]}, Parameter{index=11, type=java.lang.String, declaredAnnotations=[]}])
Arguments: [(java.lang.String)abcdd,(java.lang.String)abc1114@gmail.com,(java.lang.String)QWERT4561Y,(java.lang.String)Tes,(java.lang.String)Testss,(java.lang.String)123456,(java.lang.String)5678941254681234,(java.lang.String)can holder,(java.lang.String)SBI,(java.lang.String)branch,(java.lang.String)city,(java.lang.String)123456asd,(java.lang.String)test,(java.lang.String)teseet@gmail.com,(java.lang.String)9873084507]" type="org.testng.internal.reflect.MethodMatcherException">org.testng.internal.reflect.MethodMatcherException: 
Data provider mismatch
Method: addBuilderTest([Parameter{index=0, type=java.lang.String, declaredAnnotations=[]}, Parameter{index=1, type=java.lang.String, declaredAnnotations=[]}, Parameter{index=2, type=java.lang.String, declaredAnnotations=[]}, Parameter{index=3, type=java.lang.String, declaredAnnotations=[]}, Parameter{index=4, type=java.lang.String, declaredAnnotations=[]}, Parameter{index=5, type=java.lang.String, declaredAnnotations=[]}, Parameter{index=6, type=java.lang.String, declaredAnnotations=[]}, Parameter{index=7, type=java.lang.String, declaredAnnotations=[]}, Parameter{index=8, type=java.lang.String, declaredAnnotations=[]}, Parameter{index=9, type=java.lang.String, declaredAnnotations=[]}, Parameter{index=10, type=java.lang.String, declaredAnnotations=[]}, Parameter{index=11, type=java.lang.String, declaredAnnotations=[]}])
Arguments: [(java.lang.String)abcdd,(java.lang.String)abc1114@gmail.com,(java.lang.String)QWERT4561Y,(java.lang.String)Tes,(java.lang.String)Testss,(java.lang.String)123456,(java.lang.String)5678941254681234,(java.lang.String)can holder,(java.lang.String)SBI,(java.lang.String)branch,(java.lang.String)city,(java.lang.String)123456asd,(java.lang.String)test,(java.lang.String)teseet@gmail.com,(java.lang.String)9873084507]
	at org.testng.internal.reflect.DataProviderMethodMatcher.getConformingArguments(DataProviderMethodMatcher.java:49)
	at org.testng.internal.Invoker.injectParameters(Invoker.java:1293)
	at org.testng.internal.Invoker.invokeTestMethods(Invoker.java:1187)
	at org.testng.internal.TestMethodWorker.invokeTestMethods(TestMethodWorker.java:126)
	at org.testng.internal.TestMethodWorker.run(TestMethodWorker.java:109)
	at org.testng.TestRunner.privateRun(TestRunner.java:744)
	at org.testng.TestRunner.run(TestRunner.java:602)
	at org.testng.SuiteRunner.runTest(SuiteRunner.java:380)
	at org.testng.SuiteRunner.runSequentially(SuiteRunner.java:375)
	at org.testng.SuiteRunner.privateRun(SuiteRunner.java:340)
	at org.testng.SuiteRunner.run(SuiteRunner.java:289)
	at org.testng.SuiteRunnerWorker.runSuite(SuiteRunnerWorker.java:52)
	at org.testng.SuiteRunnerWorker.run(SuiteRunnerWorker.java:86)
	at org.testng.TestNG.runSuitesSequentially(TestNG.java:1301)
	at org.testng.TestNG.runSuitesLocally(TestNG.java:1226)
	at org.testng.TestNG.runSuites(TestNG.java:1144)
	at org.testng.TestNG.run(TestNG.java:1115)
	at org.apache.maven.surefire.testng.TestNGExecutor.run(TestNGExecutor.java:77)
	at org.apache.maven.surefire.testng.TestNGDirectoryTestSuite.executeMulti(TestNGDirectoryTestSuite.java:159)
	at org.apache.maven.surefire.testng.TestNGDirectoryTestSuite.execute(TestNGDirectoryTestSuite.java:99)
	at org.apache.maven.surefire.testng.TestNGProvider.invoke(TestNGProvider.java:106)
	at sun.reflect.NativeMethodAccessorImpl.invoke0(Native Method)
	at sun.reflect.NativeMethodAccessorImpl.invoke(NativeMethodAccessorImpl.java:62)
	at sun.reflect.DelegatingMethodAccessorImpl.invoke(DelegatingMethodAccessorImpl.java:43)
	at java.lang.reflect.Method.invoke(Method.java:498)
	at org.apache.maven.surefire.util.ReflectionUtils.invokeMethodWithArray(ReflectionUtils.java:189)
	at org.apache.maven.surefire.booter.ProviderFactory$ProviderProxy.invoke(ProviderFactory.java:165)
	at org.apache.maven.surefire.booter.ProviderFactory.invokeProvider(ProviderFactory.java:85)
	at org.apache.maven.surefire.booter.ForkedBooter.runSuitesInProcess(ForkedBooter.java:115)
	at org.apache.maven.surefire.booter.ForkedBooter.main(ForkedBooter.java:75)
</failure>
    <system-out>Configuring TestNG with: org.apache.maven.surefire.testng.conf.TestNG652Configurator@1055e4af
</system-out>
  </testcase>
  <testcase classname="com.adminpanel.qa.testcases.AddNewBankTest" name="addNewBankTest" time="25.24">
    <failure message="no such element: Unable to locate element: {&quot;method&quot;:&quot;xpath&quot;,&quot;selector&quot;:&quot;//h4[contains(text(),&apos;Success&apos;)]&quot;}
  (Session info: chrome=62.0.3202.94)
  (Driver info: chromedriver=2.33.506120 (e3e53437346286c0bc2d2dc9aa4915ba81d9023f),platform=Windows NT 6.1.7601 SP1 x86_64) (WARNING: The server did not provide any stacktrace information)
Command duration or timeout: 0 milliseconds
For documentation on this error, please visit: http://seleniumhq.org/exceptions/no_such_element.html
Build info: version: &apos;3.6.0&apos;, revision: &apos;6fbf3ec767&apos;, time: &apos;2017-09-27T15:28:36.4Z&apos;
System info: host: &apos;UMANG-PC&apos;, ip: &apos;192.168.56.1&apos;, os.name: &apos;Windows 7&apos;, os.arch: &apos;amd64&apos;, os.version: &apos;6.1&apos;, java.version: &apos;1.8.0_77&apos;
Driver info: org.openqa.selenium.chrome.ChromeDriver
Capabilities [{mobileEmulationEnabled=false, hasTouchScreen=false, platform=XP, acceptSslCerts=true, webStorageEnabled=true, browserName=chrome, takesScreenshot=true, javascriptEnabled=true, platformName=XP, setWindowRect=true, unexpectedAlertBehaviour=, applicationCacheEnabled=false, rotatable=false, networkConnectionEnabled=false, chrome={chromedriverVersion=2.33.506120 (e3e53437346286c0bc2d2dc9aa4915ba81d9023f), userDataDir=C:\Users\ADMIN\AppData\Local\Temp\scoped_dir6284_16122}, takesHeapSnapshot=true, pageLoadStrategy=normal, unhandledPromptBehavior=, databaseEnabled=false, handlesAlerts=true, version=62.0.3202.94, browserConnectionEnabled=false, nativeEvents=true, locationContextEnabled=true, cssSelectorsEnabled=true}]
Session ID: 15ad3d4e4c17a42b11c7d11b32c11f0d
*** Element info: {Using=xpath, value=//h4[contains(text(),&apos;Success&apos;)]}" type="org.openqa.selenium.NoSuchElementException">org.openqa.selenium.NoSuchElementException: no such element: Unable to locate element: {&quot;method&quot;:&quot;xpath&quot;,&quot;selector&quot;:&quot;//h4[contains(text(),&apos;Success&apos;)]&quot;}
  (Session info: chrome=62.0.3202.94)
  (Driver info: chromedriver=2.33.506120 (e3e53437346286c0bc2d2dc9aa4915ba81d9023f),platform=Windows NT 6.1.7601 SP1 x86_64) (WARNING: The server did not provide any stacktrace information)
Command duration or timeout: 0 milliseconds
For documentation on this error, please visit: http://seleniumhq.org/exceptions/no_such_element.html
Build info: version: &apos;3.6.0&apos;, revision: &apos;6fbf3ec767&apos;, time: &apos;2017-09-27T15:28:36.4Z&apos;
System info: host: &apos;UMANG-PC&apos;, ip: &apos;192.168.56.1&apos;, os.name: &apos;Windows 7&apos;, os.arch: &apos;amd64&apos;, os.version: &apos;6.1&apos;, java.version: &apos;1.8.0_77&apos;
Driver info: org.openqa.selenium.chrome.ChromeDriver
Capabilities [{mobileEmulationEnabled=false, hasTouchScreen=false, platform=XP, acceptSslCerts=true, webStorageEnabled=true, browserName=chrome, takesScreenshot=true, javascriptEnabled=true, platformName=XP, setWindowRect=true, unexpectedAlertBehaviour=, applicationCacheEnabled=false, rotatable=false, networkConnectionEnabled=false, chrome={chromedriverVersion=2.33.506120 (e3e53437346286c0bc2d2dc9aa4915ba81d9023f), userDataDir=C:\Users\ADMIN\AppData\Local\Temp\scoped_dir6284_16122}, takesHeapSnapshot=true, pageLoadStrategy=normal, unhandledPromptBehavior=, databaseEnabled=false, handlesAlerts=true, version=62.0.3202.94, browserConnectionEnabled=false, nativeEvents=true, locationContextEnabled=true, cssSelectorsEnabled=true}]
Session ID: 15ad3d4e4c17a42b11c7d11b32c11f0d
*** Element info: {Using=xpath, value=//h4[contains(text(),&apos;Success&apos;)]}
	at sun.reflect.NativeConstructorAccessorImpl.newInstance0(Native Method)
	at sun.reflect.NativeConstructorAccessorImpl.newInstance(NativeConstructorAccessorImpl.java:62)
	at sun.reflect.DelegatingConstructorAccessorImpl.newInstance(DelegatingConstructorAccessorImpl.java:45)
	at java.lang.reflect.Constructor.newInstance(Constructor.java:423)
	at org.openqa.selenium.remote.ErrorHandler.createThrowable(ErrorHandler.java:214)
	at org.openqa.selenium.remote.ErrorHandler.throwIfResponseFailed(ErrorHandler.java:166)
	at org.openqa.selenium.remote.http.JsonHttpResponseCodec.reconstructValue(JsonHttpResponseCodec.java:40)
	at org.openqa.selenium.remote.http.AbstractHttpResponseCodec.decode(AbstractHttpResponseCodec.java:82)
	at org.openqa.selenium.remote.http.AbstractHttpResponseCodec.decode(AbstractHttpResponseCodec.java:45)
	at org.openqa.selenium.remote.HttpCommandExecutor.execute(HttpCommandExecutor.java:164)
	at org.openqa.selenium.remote.service.DriverCommandExecutor.execute(DriverCommandExecutor.java:83)
	at org.openqa.selenium.remote.RemoteWebDriver.execute(RemoteWebDriver.java:586)
	at org.openqa.selenium.remote.RemoteWebDriver.findElement(RemoteWebDriver.java:356)
	at org.openqa.selenium.remote.RemoteWebDriver.findElementByXPath(RemoteWebDriver.java:458)
	at org.openqa.selenium.By$ByXPath.findElement(By.java:361)
	at org.openqa.selenium.remote.RemoteWebDriver.findElement(RemoteWebDriver.java:348)
	at sun.reflect.GeneratedMethodAccessor4.invoke(Unknown Source)
	at sun.reflect.DelegatingMethodAccessorImpl.invoke(DelegatingMethodAccessorImpl.java:43)
	at java.lang.reflect.Method.invoke(Method.java:498)
	at org.openqa.selenium.support.events.EventFiringWebDriver$2.invoke(EventFiringWebDriver.java:109)
	at com.sun.proxy.$Proxy6.findElement(Unknown Source)
	at org.openqa.selenium.support.events.EventFiringWebDriver.findElement(EventFiringWebDriver.java:193)
	at org.openqa.selenium.support.pagefactory.DefaultElementLocator.findElement(DefaultElementLocator.java:69)
	at org.openqa.selenium.support.pagefactory.internal.LocatingElementHandler.invoke(LocatingElementHandler.java:38)
	at com.sun.proxy.$Proxy10.isDisplayed(Unknown Source)
	at com.adminpanel.qa.pages.AddNewBank.verifySuccessMessage(AddNewBank.java:150)
	at com.adminpanel.qa.testcases.AddNewBankTest.addNewBankTest(AddNewBankTest.java:61)
</failure>
    <system-out>Before navigating to: &apos;https://bookmyhouse.com/services/login&apos;
Navigated to:&apos;https://bookmyhouse.com/services/login&apos;
Trying to find Element By : By.name: user_type
Found Element By : By.name: user_type
Trying to find Element By : By.name: email_email
Found Element By : By.name: email_email
Trying to find Element By : By.name: password_password
Found Element By : By.name: password_password
Trying to find Element By : By.xpath: //button[contains(text(),&apos;Sign In&apos;)]
Found Element By : By.xpath: //button[contains(text(),&apos;Sign In&apos;)]
Trying to click on: [[ChromeDriver: chrome on XP (15ad3d4e4c17a42b11c7d11b32c11f0d)] -&gt; xpath: //button[contains(text(),&apos;Sign In&apos;)]]
Clicked on: [[ChromeDriver: chrome on XP (15ad3d4e4c17a42b11c7d11b32c11f0d)] -&gt; xpath: //button[contains(text(),&apos;Sign In&apos;)]]
Trying to find Element By : By.xpath: //span[contains(text(),&apos;Aggregator Management&apos;)]
Found Element By : By.xpath: //span[contains(text(),&apos;Aggregator Management&apos;)]
Trying to click on: [[ChromeDriver: chrome on XP (15ad3d4e4c17a42b11c7d11b32c11f0d)] -&gt; xpath: //span[contains(text(),&apos;Aggregator Management&apos;)]]
Clicked on: [[ChromeDriver: chrome on XP (15ad3d4e4c17a42b11c7d11b32c11f0d)] -&gt; xpath: //span[contains(text(),&apos;Aggregator Management&apos;)]]
Trying to find Element By : By.xpath: //a[contains(text(),&apos;Add Bank Account&apos;)]
Found Element By : By.xpath: //a[contains(text(),&apos;Add Bank Account&apos;)]
Trying to click on: [[ChromeDriver: chrome on XP (15ad3d4e4c17a42b11c7d11b32c11f0d)] -&gt; xpath: //a[contains(text(),&apos;Add Bank Account&apos;)]]
Clicked on: [[ChromeDriver: chrome on XP (15ad3d4e4c17a42b11c7d11b32c11f0d)] -&gt; xpath: //a[contains(text(),&apos;Add Bank Account&apos;)]]
Trying to find Element By : By.name: business_name_text
Found Element By : By.name: business_name_text
Trying to find Element By : By.name: business_email_id_text
Found Element By : By.name: business_email_id_text
Trying to find Element By : By.name: pancard_text
Found Element By : By.name: pancard_text
Trying to find Element By : By.name: name_on_pancard_text
Found Element By : By.name: name_on_pancard_text
Trying to find Element By : By.name: business_rgtd_address_text
Found Element By : By.name: business_rgtd_address_text
Trying to find Element By : By.name: pincode_text
Found Element By : By.name: pincode_text
Trying to find Element By : By.name: account_number_text
Found Element By : By.name: account_number_text
Trying to find Element By : By.name: account_name
Found Element By : By.name: account_name
Trying to find Element By : By.name: bank_name
Found Element By : By.name: bank_name
Trying to find Element By : By.name: branch_name
Found Element By : By.name: branch_name
Trying to find Element By : By.name: branch_city
Found Element By : By.name: branch_city
Trying to find Element By : By.name: bank_ifsc_code
Found Element By : By.name: bank_ifsc_code
Trying to find Element By : By.name: contact_name_text
Found Element By : By.name: contact_name_text
Trying to find Element By : By.name: contact_email_text
Found Element By : By.name: contact_email_text
Trying to find Element By : By.name: contact_mobile_number
Found Element By : By.name: contact_mobile_number
Trying to find Element By : By.name: business_cat_text
Found Element By : By.name: business_cat_text
Trying to find Element By : By.xpath: .//option[normalize-space(.) = &quot;Healthcare&quot;]
Found Element By : By.xpath: .//option[normalize-space(.) = &quot;Healthcare&quot;]
Trying to click on: [[[[ChromeDriver: chrome on XP (15ad3d4e4c17a42b11c7d11b32c11f0d)] -&gt; name: business_cat_text]] -&gt; xpath: .//option[normalize-space(.) = &quot;Healthcare&quot;]]
Clicked on: [[[[ChromeDriver: chrome on XP (15ad3d4e4c17a42b11c7d11b32c11f0d)] -&gt; name: business_cat_text]] -&gt; xpath: .//option[normalize-space(.) = &quot;Healthcare&quot;]]
Trying to find Element By : By.name: business_type_text
Found Element By : By.name: business_type_text
Trying to find Element By : By.xpath: .//option[normalize-space(.) = &quot;LLP&quot;]
Found Element By : By.xpath: .//option[normalize-space(.) = &quot;LLP&quot;]
Trying to click on: [[[[ChromeDriver: chrome on XP (15ad3d4e4c17a42b11c7d11b32c11f0d)] -&gt; name: business_type_text]] -&gt; xpath: .//option[normalize-space(.) = &quot;LLP&quot;]]
Clicked on: [[[[ChromeDriver: chrome on XP (15ad3d4e4c17a42b11c7d11b32c11f0d)] -&gt; name: business_type_text]] -&gt; xpath: .//option[normalize-space(.) = &quot;LLP&quot;]]
Trying to find Element By : By.name: state
Found Element By : By.name: state
Trying to find Element By : By.xpath: .//option[normalize-space(.) = &quot;Haryana&quot;]
Found Element By : By.xpath: .//option[normalize-space(.) = &quot;Haryana&quot;]
Trying to click on: [[[[ChromeDriver: chrome on XP (15ad3d4e4c17a42b11c7d11b32c11f0d)] -&gt; name: state]] -&gt; xpath: .//option[normalize-space(.) = &quot;Haryana&quot;]]
Clicked on: [[[[ChromeDriver: chrome on XP (15ad3d4e4c17a42b11c7d11b32c11f0d)] -&gt; name: state]] -&gt; xpath: .//option[normalize-space(.) = &quot;Haryana&quot;]]
Trying to find Element By : By.name: city
Found Element By : By.name: city
Trying to find Element By : By.xpath: .//option[normalize-space(.) = &quot;Ambala&quot;]
Found Element By : By.xpath: .//option[normalize-space(.) = &quot;Ambala&quot;]
Trying to click on: [[[[ChromeDriver: chrome on XP (15ad3d4e4c17a42b11c7d11b32c11f0d)] -&gt; name: city]] -&gt; xpath: .//option[normalize-space(.) = &quot;Ambala&quot;]]
Clicked on: [[[[ChromeDriver: chrome on XP (15ad3d4e4c17a42b11c7d11b32c11f0d)] -&gt; name: city]] -&gt; xpath: .//option[normalize-space(.) = &quot;Ambala&quot;]]
Trying to find Element By : By.name: account_type_text
Found Element By : By.name: account_type_text
Trying to find Element By : By.xpath: .//option[normalize-space(.) = &quot;Saving&quot;]
Found Element By : By.xpath: .//option[normalize-space(.) = &quot;Saving&quot;]
Trying to click on: [[[[ChromeDriver: chrome on XP (15ad3d4e4c17a42b11c7d11b32c11f0d)] -&gt; name: account_type_text]] -&gt; xpath: .//option[normalize-space(.) = &quot;Saving&quot;]]
Clicked on: [[[[ChromeDriver: chrome on XP (15ad3d4e4c17a42b11c7d11b32c11f0d)] -&gt; name: account_type_text]] -&gt; xpath: .//option[normalize-space(.) = &quot;Saving&quot;]]
Trying to find Element By : By.xpath: //button[contains(text(),&apos;Submit&apos;)]
Found Element By : By.xpath: //button[contains(text(),&apos;Submit&apos;)]
Trying to click on: [[ChromeDriver: chrome on XP (15ad3d4e4c17a42b11c7d11b32c11f0d)] -&gt; xpath: //button[contains(text(),&apos;Submit&apos;)]]
Clicked on: [[ChromeDriver: chrome on XP (15ad3d4e4c17a42b11c7d11b32c11f0d)] -&gt; xpath: //button[contains(text(),&apos;Submit&apos;)]]
Trying to find Element By : By.xpath: //h4[contains(text(),&apos;Success&apos;)]
Exception occured: org.openqa.selenium.NoSuchElementException: no such element: Unable to locate element: {&quot;method&quot;:&quot;xpath&quot;,&quot;selector&quot;:&quot;//h4[contains(text(),&apos;Success&apos;)]&quot;}
  (Session info: chrome=62.0.3202.94)
  (Driver info: chromedriver=2.33.506120 (e3e53437346286c0bc2d2dc9aa4915ba81d9023f),platform=Windows NT 6.1.7601 SP1 x86_64) (WARNING: The server did not provide any stacktrace information)
Command duration or timeout: 0 milliseconds
For documentation on this error, please visit: http://seleniumhq.org/exceptions/no_such_element.html
Build info: version: &apos;3.6.0&apos;, revision: &apos;6fbf3ec767&apos;, time: &apos;2017-09-27T15:28:36.4Z&apos;
System info: host: &apos;UMANG-PC&apos;, ip: &apos;192.168.56.1&apos;, os.name: &apos;Windows 7&apos;, os.arch: &apos;amd64&apos;, os.version: &apos;6.1&apos;, java.version: &apos;1.8.0_77&apos;
Driver info: org.openqa.selenium.chrome.ChromeDriver
Capabilities [{mobileEmulationEnabled=false, hasTouchScreen=false, platform=XP, acceptSslCerts=true, webStorageEnabled=true, browserName=chrome, takesScreenshot=true, javascriptEnabled=true, platformName=XP, setWindowRect=true, unexpectedAlertBehaviour=, applicationCacheEnabled=false, rotatable=false, networkConnectionEnabled=false, chrome={chromedriverVersion=2.33.506120 (e3e53437346286c0bc2d2dc9aa4915ba81d9023f), userDataDir=C:\Users\ADMIN\AppData\Local\Temp\scoped_dir6284_16122}, takesHeapSnapshot=true, pageLoadStrategy=normal, unhandledPromptBehavior=, databaseEnabled=false, handlesAlerts=true, version=62.0.3202.94, browserConnectionEnabled=false, nativeEvents=true, locationContextEnabled=true, cssSelectorsEnabled=true}]
Session ID: 15ad3d4e4c17a42b11c7d11b32c11f0d
*** Element info: {Using=xpath, value=//h4[contains(text(),&apos;Success&apos;)]}
</system-out>
    <system-err>Starting ChromeDriver 2.33.506120 (e3e53437346286c0bc2d2dc9aa4915ba81d9023f) on port 27535
Only local connections are allowed.
log4j:WARN No appenders could be found for logger (org.apache.http.client.protocol.RequestAddCookies).
log4j:WARN Please initialize the log4j system properly.
Nov 20, 2017 3:35:33 PM org.openqa.selenium.remote.ProtocolHandshake createSession
INFO: Detected dialect: OSS
</system-err>
  </testcase>
  <testcase classname="com.adminpanel.qa.testcases.AddNewBankTest" name="addNewBankTest" time="24.263">
    <failure message="no such element: Unable to locate element: {&quot;method&quot;:&quot;xpath&quot;,&quot;selector&quot;:&quot;//h4[contains(text(),&apos;Success&apos;)]&quot;}
  (Session info: chrome=62.0.3202.94)
  (Driver info: chromedriver=2.33.506120 (e3e53437346286c0bc2d2dc9aa4915ba81d9023f),platform=Windows NT 6.1.7601 SP1 x86_64) (WARNING: The server did not provide any stacktrace information)
Command duration or timeout: 0 milliseconds
For documentation on this error, please visit: http://seleniumhq.org/exceptions/no_such_element.html
Build info: version: &apos;3.6.0&apos;, revision: &apos;6fbf3ec767&apos;, time: &apos;2017-09-27T15:28:36.4Z&apos;
System info: host: &apos;UMANG-PC&apos;, ip: &apos;192.168.56.1&apos;, os.name: &apos;Windows 7&apos;, os.arch: &apos;amd64&apos;, os.version: &apos;6.1&apos;, java.version: &apos;1.8.0_77&apos;
Driver info: org.openqa.selenium.chrome.ChromeDriver
Capabilities [{mobileEmulationEnabled=false, hasTouchScreen=false, platform=XP, acceptSslCerts=true, webStorageEnabled=true, browserName=chrome, takesScreenshot=true, javascriptEnabled=true, platformName=XP, setWindowRect=true, unexpectedAlertBehaviour=, applicationCacheEnabled=false, rotatable=false, networkConnectionEnabled=false, chrome={chromedriverVersion=2.33.506120 (e3e53437346286c0bc2d2dc9aa4915ba81d9023f), userDataDir=C:\Users\ADMIN\AppData\Local\Temp\scoped_dir6960_22827}, takesHeapSnapshot=true, pageLoadStrategy=normal, unhandledPromptBehavior=, databaseEnabled=false, handlesAlerts=true, version=62.0.3202.94, browserConnectionEnabled=false, nativeEvents=true, locationContextEnabled=true, cssSelectorsEnabled=true}]
Session ID: e0889a14e2924fe372062fe75052f697
*** Element info: {Using=xpath, value=//h4[contains(text(),&apos;Success&apos;)]}" type="org.openqa.selenium.NoSuchElementException">org.openqa.selenium.NoSuchElementException: no such element: Unable to locate element: {&quot;method&quot;:&quot;xpath&quot;,&quot;selector&quot;:&quot;//h4[contains(text(),&apos;Success&apos;)]&quot;}
  (Session info: chrome=62.0.3202.94)
  (Driver info: chromedriver=2.33.506120 (e3e53437346286c0bc2d2dc9aa4915ba81d9023f),platform=Windows NT 6.1.7601 SP1 x86_64) (WARNING: The server did not provide any stacktrace information)
Command duration or timeout: 0 milliseconds
For documentation on this error, please visit: http://seleniumhq.org/exceptions/no_such_element.html
Build info: version: &apos;3.6.0&apos;, revision: &apos;6fbf3ec767&apos;, time: &apos;2017-09-27T15:28:36.4Z&apos;
System info: host: &apos;UMANG-PC&apos;, ip: &apos;192.168.56.1&apos;, os.name: &apos;Windows 7&apos;, os.arch: &apos;amd64&apos;, os.version: &apos;6.1&apos;, java.version: &apos;1.8.0_77&apos;
Driver info: org.openqa.selenium.chrome.ChromeDriver
Capabilities [{mobileEmulationEnabled=false, hasTouchScreen=false, platform=XP, acceptSslCerts=true, webStorageEnabled=true, browserName=chrome, takesScreenshot=true, javascriptEnabled=true, platformName=XP, setWindowRect=true, unexpectedAlertBehaviour=, applicationCacheEnabled=false, rotatable=false, networkConnectionEnabled=false, chrome={chromedriverVersion=2.33.506120 (e3e53437346286c0bc2d2dc9aa4915ba81d9023f), userDataDir=C:\Users\ADMIN\AppData\Local\Temp\scoped_dir6960_22827}, takesHeapSnapshot=true, pageLoadStrategy=normal, unhandledPromptBehavior=, databaseEnabled=false, handlesAlerts=true, version=62.0.3202.94, browserConnectionEnabled=false, nativeEvents=true, locationContextEnabled=true, cssSelectorsEnabled=true}]
Session ID: e0889a14e2924fe372062fe75052f697
*** Element info: {Using=xpath, value=//h4[contains(text(),&apos;Success&apos;)]}
	at sun.reflect.NativeConstructorAccessorImpl.newInstance0(Native Method)
	at sun.reflect.NativeConstructorAccessorImpl.newInstance(NativeConstructorAccessorImpl.java:62)
	at sun.reflect.DelegatingConstructorAccessorImpl.newInstance(DelegatingConstructorAccessorImpl.java:45)
	at java.lang.reflect.Constructor.newInstance(Constructor.java:423)
	at org.openqa.selenium.remote.ErrorHandler.createThrowable(ErrorHandler.java:214)
	at org.openqa.selenium.remote.ErrorHandler.throwIfResponseFailed(ErrorHandler.java:166)
	at org.openqa.selenium.remote.http.JsonHttpResponseCodec.reconstructValue(JsonHttpResponseCodec.java:40)
	at org.openqa.selenium.remote.http.AbstractHttpResponseCodec.decode(AbstractHttpResponseCodec.java:82)
	at org.openqa.selenium.remote.http.AbstractHttpResponseCodec.decode(AbstractHttpResponseCodec.java:45)
	at org.openqa.selenium.remote.HttpCommandExecutor.execute(HttpCommandExecutor.java:164)
	at org.openqa.selenium.remote.service.DriverCommandExecutor.execute(DriverCommandExecutor.java:83)
	at org.openqa.selenium.remote.RemoteWebDriver.execute(RemoteWebDriver.java:586)
	at org.openqa.selenium.remote.RemoteWebDriver.findElement(RemoteWebDriver.java:356)
	at org.openqa.selenium.remote.RemoteWebDriver.findElementByXPath(RemoteWebDriver.java:458)
	at org.openqa.selenium.By$ByXPath.findElement(By.java:361)
	at org.openqa.selenium.remote.RemoteWebDriver.findElement(RemoteWebDriver.java:348)
	at sun.reflect.GeneratedMethodAccessor4.invoke(Unknown Source)
	at sun.reflect.DelegatingMethodAccessorImpl.invoke(DelegatingMethodAccessorImpl.java:43)
	at java.lang.reflect.Method.invoke(Method.java:498)
	at org.openqa.selenium.support.events.EventFiringWebDriver$2.invoke(EventFiringWebDriver.java:109)
	at com.sun.proxy.$Proxy6.findElement(Unknown Source)
	at org.openqa.selenium.support.events.EventFiringWebDriver.findElement(EventFiringWebDriver.java:193)
	at org.openqa.selenium.support.pagefactory.DefaultElementLocator.findElement(DefaultElementLocator.java:69)
	at org.openqa.selenium.support.pagefactory.internal.LocatingElementHandler.invoke(LocatingElementHandler.java:38)
	at com.sun.proxy.$Proxy10.isDisplayed(Unknown Source)
	at com.adminpanel.qa.pages.AddNewBank.verifySuccessMessage(AddNewBank.java:150)
	at com.adminpanel.qa.testcases.AddNewBankTest.addNewBankTest(AddNewBankTest.java:61)
</failure>
    <system-out>Before navigating to: &apos;https://bookmyhouse.com/services/login&apos;
Navigated to:&apos;https://bookmyhouse.com/services/login&apos;
Trying to find Element By : By.name: user_type
Found Element By : By.name: user_type
Trying to find Element By : By.name: email_email
Found Element By : By.name: email_email
Trying to find Element By : By.name: password_password
Found Element By : By.name: password_password
Trying to find Element By : By.xpath: //button[contains(text(),&apos;Sign In&apos;)]
Found Element By : By.xpath: //button[contains(text(),&apos;Sign In&apos;)]
Trying to click on: [[ChromeDriver: chrome on XP (e0889a14e2924fe372062fe75052f697)] -&gt; xpath: //button[contains(text(),&apos;Sign In&apos;)]]
Clicked on: [[ChromeDriver: chrome on XP (e0889a14e2924fe372062fe75052f697)] -&gt; xpath: //button[contains(text(),&apos;Sign In&apos;)]]
Trying to find Element By : By.xpath: //span[contains(text(),&apos;Aggregator Management&apos;)]
Found Element By : By.xpath: //span[contains(text(),&apos;Aggregator Management&apos;)]
Trying to click on: [[ChromeDriver: chrome on XP (e0889a14e2924fe372062fe75052f697)] -&gt; xpath: //span[contains(text(),&apos;Aggregator Management&apos;)]]
Clicked on: [[ChromeDriver: chrome on XP (e0889a14e2924fe372062fe75052f697)] -&gt; xpath: //span[contains(text(),&apos;Aggregator Management&apos;)]]
Trying to find Element By : By.xpath: //a[contains(text(),&apos;Add Bank Account&apos;)]
Found Element By : By.xpath: //a[contains(text(),&apos;Add Bank Account&apos;)]
Trying to click on: [[ChromeDriver: chrome on XP (e0889a14e2924fe372062fe75052f697)] -&gt; xpath: //a[contains(text(),&apos;Add Bank Account&apos;)]]
Clicked on: [[ChromeDriver: chrome on XP (e0889a14e2924fe372062fe75052f697)] -&gt; xpath: //a[contains(text(),&apos;Add Bank Account&apos;)]]
Trying to find Element By : By.name: business_name_text
Found Element By : By.name: business_name_text
Trying to find Element By : By.name: business_email_id_text
Found Element By : By.name: business_email_id_text
Trying to find Element By : By.name: pancard_text
Found Element By : By.name: pancard_text
Trying to find Element By : By.name: name_on_pancard_text
Found Element By : By.name: name_on_pancard_text
Trying to find Element By : By.name: business_rgtd_address_text
Found Element By : By.name: business_rgtd_address_text
Trying to find Element By : By.name: pincode_text
Found Element By : By.name: pincode_text
Trying to find Element By : By.name: account_number_text
Found Element By : By.name: account_number_text
Trying to find Element By : By.name: account_name
Found Element By : By.name: account_name
Trying to find Element By : By.name: bank_name
Found Element By : By.name: bank_name
Trying to find Element By : By.name: branch_name
Found Element By : By.name: branch_name
Trying to find Element By : By.name: branch_city
Found Element By : By.name: branch_city
Trying to find Element By : By.name: bank_ifsc_code
Found Element By : By.name: bank_ifsc_code
Trying to find Element By : By.name: contact_name_text
Found Element By : By.name: contact_name_text
Trying to find Element By : By.name: contact_email_text
Found Element By : By.name: contact_email_text
Trying to find Element By : By.name: contact_mobile_number
Found Element By : By.name: contact_mobile_number
Trying to find Element By : By.name: business_cat_text
Found Element By : By.name: business_cat_text
Trying to find Element By : By.xpath: .//option[normalize-space(.) = &quot;Healthcare&quot;]
Found Element By : By.xpath: .//option[normalize-space(.) = &quot;Healthcare&quot;]
Trying to click on: [[[[ChromeDriver: chrome on XP (e0889a14e2924fe372062fe75052f697)] -&gt; name: business_cat_text]] -&gt; xpath: .//option[normalize-space(.) = &quot;Healthcare&quot;]]
Clicked on: [[[[ChromeDriver: chrome on XP (e0889a14e2924fe372062fe75052f697)] -&gt; name: business_cat_text]] -&gt; xpath: .//option[normalize-space(.) = &quot;Healthcare&quot;]]
Trying to find Element By : By.name: business_type_text
Found Element By : By.name: business_type_text
Trying to find Element By : By.xpath: .//option[normalize-space(.) = &quot;LLP&quot;]
Found Element By : By.xpath: .//option[normalize-space(.) = &quot;LLP&quot;]
Trying to click on: [[[[ChromeDriver: chrome on XP (e0889a14e2924fe372062fe75052f697)] -&gt; name: business_type_text]] -&gt; xpath: .//option[normalize-space(.) = &quot;LLP&quot;]]
Clicked on: [[[[ChromeDriver: chrome on XP (e0889a14e2924fe372062fe75052f697)] -&gt; name: business_type_text]] -&gt; xpath: .//option[normalize-space(.) = &quot;LLP&quot;]]
Trying to find Element By : By.name: state
Found Element By : By.name: state
Trying to find Element By : By.xpath: .//option[normalize-space(.) = &quot;Haryana&quot;]
Found Element By : By.xpath: .//option[normalize-space(.) = &quot;Haryana&quot;]
Trying to click on: [[[[ChromeDriver: chrome on XP (e0889a14e2924fe372062fe75052f697)] -&gt; name: state]] -&gt; xpath: .//option[normalize-space(.) = &quot;Haryana&quot;]]
Clicked on: [[[[ChromeDriver: chrome on XP (e0889a14e2924fe372062fe75052f697)] -&gt; name: state]] -&gt; xpath: .//option[normalize-space(.) = &quot;Haryana&quot;]]
Trying to find Element By : By.name: city
Found Element By : By.name: city
Trying to find Element By : By.xpath: .//option[normalize-space(.) = &quot;Ambala&quot;]
Found Element By : By.xpath: .//option[normalize-space(.) = &quot;Ambala&quot;]
Trying to click on: [[[[ChromeDriver: chrome on XP (e0889a14e2924fe372062fe75052f697)] -&gt; name: city]] -&gt; xpath: .//option[normalize-space(.) = &quot;Ambala&quot;]]
Clicked on: [[[[ChromeDriver: chrome on XP (e0889a14e2924fe372062fe75052f697)] -&gt; name: city]] -&gt; xpath: .//option[normalize-space(.) = &quot;Ambala&quot;]]
Trying to find Element By : By.name: account_type_text
Found Element By : By.name: account_type_text
Trying to find Element By : By.xpath: .//option[normalize-space(.) = &quot;Saving&quot;]
Found Element By : By.xpath: .//option[normalize-space(.) = &quot;Saving&quot;]
Trying to click on: [[[[ChromeDriver: chrome on XP (e0889a14e2924fe372062fe75052f697)] -&gt; name: account_type_text]] -&gt; xpath: .//option[normalize-space(.) = &quot;Saving&quot;]]
Clicked on: [[[[ChromeDriver: chrome on XP (e0889a14e2924fe372062fe75052f697)] -&gt; name: account_type_text]] -&gt; xpath: .//option[normalize-space(.) = &quot;Saving&quot;]]
Trying to find Element By : By.xpath: //button[contains(text(),&apos;Submit&apos;)]
Found Element By : By.xpath: //button[contains(text(),&apos;Submit&apos;)]
Trying to click on: [[ChromeDriver: chrome on XP (e0889a14e2924fe372062fe75052f697)] -&gt; xpath: //button[contains(text(),&apos;Submit&apos;)]]
Clicked on: [[ChromeDriver: chrome on XP (e0889a14e2924fe372062fe75052f697)] -&gt; xpath: //button[contains(text(),&apos;Submit&apos;)]]
Trying to find Element By : By.xpath: //h4[contains(text(),&apos;Success&apos;)]
Exception occured: org.openqa.selenium.NoSuchElementException: no such element: Unable to locate element: {&quot;method&quot;:&quot;xpath&quot;,&quot;selector&quot;:&quot;//h4[contains(text(),&apos;Success&apos;)]&quot;}
  (Session info: chrome=62.0.3202.94)
  (Driver info: chromedriver=2.33.506120 (e3e53437346286c0bc2d2dc9aa4915ba81d9023f),platform=Windows NT 6.1.7601 SP1 x86_64) (WARNING: The server did not provide any stacktrace information)
Command duration or timeout: 0 milliseconds
For documentation on this error, please visit: http://seleniumhq.org/exceptions/no_such_element.html
Build info: version: &apos;3.6.0&apos;, revision: &apos;6fbf3ec767&apos;, time: &apos;2017-09-27T15:28:36.4Z&apos;
System info: host: &apos;UMANG-PC&apos;, ip: &apos;192.168.56.1&apos;, os.name: &apos;Windows 7&apos;, os.arch: &apos;amd64&apos;, os.version: &apos;6.1&apos;, java.version: &apos;1.8.0_77&apos;
Driver info: org.openqa.selenium.chrome.ChromeDriver
Capabilities [{mobileEmulationEnabled=false, hasTouchScreen=false, platform=XP, acceptSslCerts=true, webStorageEnabled=true, browserName=chrome, takesScreenshot=true, javascriptEnabled=true, platformName=XP, setWindowRect=true, unexpectedAlertBehaviour=, applicationCacheEnabled=false, rotatable=false, networkConnectionEnabled=false, chrome={chromedriverVersion=2.33.506120 (e3e53437346286c0bc2d2dc9aa4915ba81d9023f), userDataDir=C:\Users\ADMIN\AppData\Local\Temp\scoped_dir6960_22827}, takesHeapSnapshot=true, pageLoadStrategy=normal, unhandledPromptBehavior=, databaseEnabled=false, handlesAlerts=true, version=62.0.3202.94, browserConnectionEnabled=false, nativeEvents=true, locationContextEnabled=true, cssSelectorsEnabled=true}]
Session ID: e0889a14e2924fe372062fe75052f697
*** Element info: {Using=xpath, value=//h4[contains(text(),&apos;Success&apos;)]}
</system-out>
    <system-err>Starting ChromeDriver 2.33.506120 (e3e53437346286c0bc2d2dc9aa4915ba81d9023f) on port 30116
Only local connections are allowed.
Nov 20, 2017 3:36:17 PM org.openqa.selenium.remote.ProtocolHandshake createSession
INFO: Detected dialect: OSS
</system-err>
  </testcase>
  <testcase classname="com.adminpanel.qa.testcases.BuilderActMgmtTest" name="searchBuilderTest" time="6.002"/>
  <testcase classname="com.adminpanel.qa.testcases.HomePageTest" name="verifyHomePageTitleTest" time="0.078"/>
  <testcase classname="com.adminpanel.qa.testcases.HomePageTest" name="verifyUserNameLabelTest" time="10.646">
    <failure message="no such element: Unable to locate element: {&quot;method&quot;:&quot;xpath&quot;,&quot;selector&quot;:&quot;//span[contains(text(),&apos;Admin&apos;)]&quot;}
  (Session info: chrome=62.0.3202.94)
  (Driver info: chromedriver=2.33.506120 (e3e53437346286c0bc2d2dc9aa4915ba81d9023f),platform=Windows NT 6.1.7601 SP1 x86_64) (WARNING: The server did not provide any stacktrace information)
Command duration or timeout: 0 milliseconds
For documentation on this error, please visit: http://seleniumhq.org/exceptions/no_such_element.html
Build info: version: &apos;3.6.0&apos;, revision: &apos;6fbf3ec767&apos;, time: &apos;2017-09-27T15:28:36.4Z&apos;
System info: host: &apos;UMANG-PC&apos;, ip: &apos;192.168.56.1&apos;, os.name: &apos;Windows 7&apos;, os.arch: &apos;amd64&apos;, os.version: &apos;6.1&apos;, java.version: &apos;1.8.0_77&apos;
Driver info: org.openqa.selenium.chrome.ChromeDriver
Capabilities [{mobileEmulationEnabled=false, hasTouchScreen=false, platform=XP, acceptSslCerts=true, webStorageEnabled=true, browserName=chrome, takesScreenshot=true, javascriptEnabled=true, platformName=XP, setWindowRect=true, unexpectedAlertBehaviour=, applicationCacheEnabled=false, rotatable=false, networkConnectionEnabled=false, chrome={chromedriverVersion=2.33.506120 (e3e53437346286c0bc2d2dc9aa4915ba81d9023f), userDataDir=C:\Users\ADMIN\AppData\Local\Temp\scoped_dir6076_31068}, takesHeapSnapshot=true, pageLoadStrategy=normal, unhandledPromptBehavior=, databaseEnabled=false, handlesAlerts=true, version=62.0.3202.94, browserConnectionEnabled=false, nativeEvents=true, locationContextEnabled=true, cssSelectorsEnabled=true}]
Session ID: 3ac3c1da43d229a25a86d0ab97a1f149
*** Element info: {Using=xpath, value=//span[contains(text(),&apos;Admin&apos;)]}" type="org.openqa.selenium.NoSuchElementException">org.openqa.selenium.NoSuchElementException: no such element: Unable to locate element: {&quot;method&quot;:&quot;xpath&quot;,&quot;selector&quot;:&quot;//span[contains(text(),&apos;Admin&apos;)]&quot;}
  (Session info: chrome=62.0.3202.94)
  (Driver info: chromedriver=2.33.506120 (e3e53437346286c0bc2d2dc9aa4915ba81d9023f),platform=Windows NT 6.1.7601 SP1 x86_64) (WARNING: The server did not provide any stacktrace information)
Command duration or timeout: 0 milliseconds
For documentation on this error, please visit: http://seleniumhq.org/exceptions/no_such_element.html
Build info: version: &apos;3.6.0&apos;, revision: &apos;6fbf3ec767&apos;, time: &apos;2017-09-27T15:28:36.4Z&apos;
System info: host: &apos;UMANG-PC&apos;, ip: &apos;192.168.56.1&apos;, os.name: &apos;Windows 7&apos;, os.arch: &apos;amd64&apos;, os.version: &apos;6.1&apos;, java.version: &apos;1.8.0_77&apos;
Driver info: org.openqa.selenium.chrome.ChromeDriver
Capabilities [{mobileEmulationEnabled=false, hasTouchScreen=false, platform=XP, acceptSslCerts=true, webStorageEnabled=true, browserName=chrome, takesScreenshot=true, javascriptEnabled=true, platformName=XP, setWindowRect=true, unexpectedAlertBehaviour=, applicationCacheEnabled=false, rotatable=false, networkConnectionEnabled=false, chrome={chromedriverVersion=2.33.506120 (e3e53437346286c0bc2d2dc9aa4915ba81d9023f), userDataDir=C:\Users\ADMIN\AppData\Local\Temp\scoped_dir6076_31068}, takesHeapSnapshot=true, pageLoadStrategy=normal, unhandledPromptBehavior=, databaseEnabled=false, handlesAlerts=true, version=62.0.3202.94, browserConnectionEnabled=false, nativeEvents=true, locationContextEnabled=true, cssSelectorsEnabled=true}]
Session ID: 3ac3c1da43d229a25a86d0ab97a1f149
*** Element info: {Using=xpath, value=//span[contains(text(),&apos;Admin&apos;)]}
	at sun.reflect.NativeConstructorAccessorImpl.newInstance0(Native Method)
	at sun.reflect.NativeConstructorAccessorImpl.newInstance(NativeConstructorAccessorImpl.java:62)
	at sun.reflect.DelegatingConstructorAccessorImpl.newInstance(DelegatingConstructorAccessorImpl.java:45)
	at java.lang.reflect.Constructor.newInstance(Constructor.java:423)
	at org.openqa.selenium.remote.ErrorHandler.createThrowable(ErrorHandler.java:214)
	at org.openqa.selenium.remote.ErrorHandler.throwIfResponseFailed(ErrorHandler.java:166)
	at org.openqa.selenium.remote.http.JsonHttpResponseCodec.reconstructValue(JsonHttpResponseCodec.java:40)
	at org.openqa.selenium.remote.http.AbstractHttpResponseCodec.decode(AbstractHttpResponseCodec.java:82)
	at org.openqa.selenium.remote.http.AbstractHttpResponseCodec.decode(AbstractHttpResponseCodec.java:45)
	at org.openqa.selenium.remote.HttpCommandExecutor.execute(HttpCommandExecutor.java:164)
	at org.openqa.selenium.remote.service.DriverCommandExecutor.execute(DriverCommandExecutor.java:83)
	at org.openqa.selenium.remote.RemoteWebDriver.execute(RemoteWebDriver.java:586)
	at org.openqa.selenium.remote.RemoteWebDriver.findElement(RemoteWebDriver.java:356)
	at org.openqa.selenium.remote.RemoteWebDriver.findElementByXPath(RemoteWebDriver.java:458)
	at org.openqa.selenium.By$ByXPath.findElement(By.java:361)
	at org.openqa.selenium.remote.RemoteWebDriver.findElement(RemoteWebDriver.java:348)
	at sun.reflect.GeneratedMethodAccessor4.invoke(Unknown Source)
	at sun.reflect.DelegatingMethodAccessorImpl.invoke(DelegatingMethodAccessorImpl.java:43)
	at java.lang.reflect.Method.invoke(Method.java:498)
	at org.openqa.selenium.support.events.EventFiringWebDriver$2.invoke(EventFiringWebDriver.java:109)
	at com.sun.proxy.$Proxy6.findElement(Unknown Source)
	at org.openqa.selenium.support.events.EventFiringWebDriver.findElement(EventFiringWebDriver.java:193)
	at org.openqa.selenium.support.pagefactory.DefaultElementLocator.findElement(DefaultElementLocator.java:69)
	at org.openqa.selenium.support.pagefactory.internal.LocatingElementHandler.invoke(LocatingElementHandler.java:38)
	at com.sun.proxy.$Proxy10.isDisplayed(Unknown Source)
	at com.adminpanel.qa.pages.HomePage.verifyUserNameLabel(HomePage.java:30)
	at com.adminpanel.qa.testcases.HomePageTest.verifyUserNameLabelTest(HomePageTest.java:42)
</failure>
    <system-out>Before navigating to: &apos;https://bookmyhouse.com/services/login&apos;
Navigated to:&apos;https://bookmyhouse.com/services/login&apos;
Trying to find Element By : By.name: user_type
Found Element By : By.name: user_type
Trying to find Element By : By.name: email_email
Found Element By : By.name: email_email
Trying to find Element By : By.name: password_password
Found Element By : By.name: password_password
Trying to find Element By : By.xpath: //button[contains(text(),&apos;Sign In&apos;)]
Found Element By : By.xpath: //button[contains(text(),&apos;Sign In&apos;)]
Trying to click on: [[ChromeDriver: chrome on XP (3ac3c1da43d229a25a86d0ab97a1f149)] -&gt; xpath: //button[contains(text(),&apos;Sign In&apos;)]]
Clicked on: [[ChromeDriver: chrome on XP (3ac3c1da43d229a25a86d0ab97a1f149)] -&gt; xpath: //button[contains(text(),&apos;Sign In&apos;)]]
Trying to find Element By : By.xpath: //span[contains(text(),&apos;Admin&apos;)]
Exception occured: org.openqa.selenium.NoSuchElementException: no such element: Unable to locate element: {&quot;method&quot;:&quot;xpath&quot;,&quot;selector&quot;:&quot;//span[contains(text(),&apos;Admin&apos;)]&quot;}
  (Session info: chrome=62.0.3202.94)
  (Driver info: chromedriver=2.33.506120 (e3e53437346286c0bc2d2dc9aa4915ba81d9023f),platform=Windows NT 6.1.7601 SP1 x86_64) (WARNING: The server did not provide any stacktrace information)
Command duration or timeout: 0 milliseconds
For documentation on this error, please visit: http://seleniumhq.org/exceptions/no_such_element.html
Build info: version: &apos;3.6.0&apos;, revision: &apos;6fbf3ec767&apos;, time: &apos;2017-09-27T15:28:36.4Z&apos;
System info: host: &apos;UMANG-PC&apos;, ip: &apos;192.168.56.1&apos;, os.name: &apos;Windows 7&apos;, os.arch: &apos;amd64&apos;, os.version: &apos;6.1&apos;, java.version: &apos;1.8.0_77&apos;
Driver info: org.openqa.selenium.chrome.ChromeDriver
Capabilities [{mobileEmulationEnabled=false, hasTouchScreen=false, platform=XP, acceptSslCerts=true, webStorageEnabled=true, browserName=chrome, takesScreenshot=true, javascriptEnabled=true, platformName=XP, setWindowRect=true, unexpectedAlertBehaviour=, applicationCacheEnabled=false, rotatable=false, networkConnectionEnabled=false, chrome={chromedriverVersion=2.33.506120 (e3e53437346286c0bc2d2dc9aa4915ba81d9023f), userDataDir=C:\Users\ADMIN\AppData\Local\Temp\scoped_dir6076_31068}, takesHeapSnapshot=true, pageLoadStrategy=normal, unhandledPromptBehavior=, databaseEnabled=false, handlesAlerts=true, version=62.0.3202.94, browserConnectionEnabled=false, nativeEvents=true, locationContextEnabled=true, cssSelectorsEnabled=true}]
Session ID: 3ac3c1da43d229a25a86d0ab97a1f149
*** Element info: {Using=xpath, value=//span[contains(text(),&apos;Admin&apos;)]}
</system-out>
    <system-err>Starting ChromeDriver 2.33.506120 (e3e53437346286c0bc2d2dc9aa4915ba81d9023f) on port 2203
Only local connections are allowed.
Nov 20, 2017 3:37:39 PM org.openqa.selenium.remote.ProtocolHandshake createSession
INFO: Detected dialect: OSS
</system-err>
  </testcase>
  <testcase classname="com.adminpanel.qa.testcases.HomePageTest" name="verifyclickOnBuilderLinkTest" time="7.803"/>
  <testcase classname="com.adminpanel.qa.testcases.BuilderListPageTest" name="selectBuilderByFirmNameTest" time="18.521">
    <failure message="no such element: Unable to locate element: {&quot;method&quot;:&quot;xpath&quot;,&quot;selector&quot;:&quot;//td[(text()=&apos;AARONE GROUP&apos;)]//preceding-sibling::td//input[@type=&apos;checkbox&apos;]&quot;}
  (Session info: chrome=62.0.3202.94)
  (Driver info: chromedriver=2.33.506120 (e3e53437346286c0bc2d2dc9aa4915ba81d9023f),platform=Windows NT 6.1.7601 SP1 x86_64) (WARNING: The server did not provide any stacktrace information)
Command duration or timeout: 0 milliseconds
For documentation on this error, please visit: http://seleniumhq.org/exceptions/no_such_element.html
Build info: version: &apos;3.6.0&apos;, revision: &apos;6fbf3ec767&apos;, time: &apos;2017-09-27T15:28:36.4Z&apos;
System info: host: &apos;UMANG-PC&apos;, ip: &apos;192.168.56.1&apos;, os.name: &apos;Windows 7&apos;, os.arch: &apos;amd64&apos;, os.version: &apos;6.1&apos;, java.version: &apos;1.8.0_77&apos;
Driver info: org.openqa.selenium.chrome.ChromeDriver
Capabilities [{mobileEmulationEnabled=false, hasTouchScreen=false, platform=XP, acceptSslCerts=true, webStorageEnabled=true, browserName=chrome, takesScreenshot=true, javascriptEnabled=true, platformName=XP, setWindowRect=true, unexpectedAlertBehaviour=, applicationCacheEnabled=false, rotatable=false, networkConnectionEnabled=false, chrome={chromedriverVersion=2.33.506120 (e3e53437346286c0bc2d2dc9aa4915ba81d9023f), userDataDir=C:\Users\ADMIN\AppData\Local\Temp\scoped_dir5312_9596}, takesHeapSnapshot=true, pageLoadStrategy=normal, unhandledPromptBehavior=, databaseEnabled=false, handlesAlerts=true, version=62.0.3202.94, browserConnectionEnabled=false, nativeEvents=true, locationContextEnabled=true, cssSelectorsEnabled=true}]
Session ID: af59ca0c26a4ca8f9f0ac43a33813f75
*** Element info: {Using=xpath, value=//td[(text()=&apos;AARONE GROUP&apos;)]//preceding-sibling::td//input[@type=&apos;checkbox&apos;]}" type="org.openqa.selenium.NoSuchElementException">org.openqa.selenium.NoSuchElementException: no such element: Unable to locate element: {&quot;method&quot;:&quot;xpath&quot;,&quot;selector&quot;:&quot;//td[(text()=&apos;AARONE GROUP&apos;)]//preceding-sibling::td//input[@type=&apos;checkbox&apos;]&quot;}
  (Session info: chrome=62.0.3202.94)
  (Driver info: chromedriver=2.33.506120 (e3e53437346286c0bc2d2dc9aa4915ba81d9023f),platform=Windows NT 6.1.7601 SP1 x86_64) (WARNING: The server did not provide any stacktrace information)
Command duration or timeout: 0 milliseconds
For documentation on this error, please visit: http://seleniumhq.org/exceptions/no_such_element.html
Build info: version: &apos;3.6.0&apos;, revision: &apos;6fbf3ec767&apos;, time: &apos;2017-09-27T15:28:36.4Z&apos;
System info: host: &apos;UMANG-PC&apos;, ip: &apos;192.168.56.1&apos;, os.name: &apos;Windows 7&apos;, os.arch: &apos;amd64&apos;, os.version: &apos;6.1&apos;, java.version: &apos;1.8.0_77&apos;
Driver info: org.openqa.selenium.chrome.ChromeDriver
Capabilities [{mobileEmulationEnabled=false, hasTouchScreen=false, platform=XP, acceptSslCerts=true, webStorageEnabled=true, browserName=chrome, takesScreenshot=true, javascriptEnabled=true, platformName=XP, setWindowRect=true, unexpectedAlertBehaviour=, applicationCacheEnabled=false, rotatable=false, networkConnectionEnabled=false, chrome={chromedriverVersion=2.33.506120 (e3e53437346286c0bc2d2dc9aa4915ba81d9023f), userDataDir=C:\Users\ADMIN\AppData\Local\Temp\scoped_dir5312_9596}, takesHeapSnapshot=true, pageLoadStrategy=normal, unhandledPromptBehavior=, databaseEnabled=false, handlesAlerts=true, version=62.0.3202.94, browserConnectionEnabled=false, nativeEvents=true, locationContextEnabled=true, cssSelectorsEnabled=true}]
Session ID: af59ca0c26a4ca8f9f0ac43a33813f75
*** Element info: {Using=xpath, value=//td[(text()=&apos;AARONE GROUP&apos;)]//preceding-sibling::td//input[@type=&apos;checkbox&apos;]}
	at sun.reflect.NativeConstructorAccessorImpl.newInstance0(Native Method)
	at sun.reflect.NativeConstructorAccessorImpl.newInstance(NativeConstructorAccessorImpl.java:62)
	at sun.reflect.DelegatingConstructorAccessorImpl.newInstance(DelegatingConstructorAccessorImpl.java:45)
	at java.lang.reflect.Constructor.newInstance(Constructor.java:423)
	at org.openqa.selenium.remote.ErrorHandler.createThrowable(ErrorHandler.java:214)
	at org.openqa.selenium.remote.ErrorHandler.throwIfResponseFailed(ErrorHandler.java:166)
	at org.openqa.selenium.remote.http.JsonHttpResponseCodec.reconstructValue(JsonHttpResponseCodec.java:40)
	at org.openqa.selenium.remote.http.AbstractHttpResponseCodec.decode(AbstractHttpResponseCodec.java:82)
	at org.openqa.selenium.remote.http.AbstractHttpResponseCodec.decode(AbstractHttpResponseCodec.java:45)
	at org.openqa.selenium.remote.HttpCommandExecutor.execute(HttpCommandExecutor.java:164)
	at org.openqa.selenium.remote.service.DriverCommandExecutor.execute(DriverCommandExecutor.java:83)
	at org.openqa.selenium.remote.RemoteWebDriver.execute(RemoteWebDriver.java:586)
	at org.openqa.selenium.remote.RemoteWebDriver.findElement(RemoteWebDriver.java:356)
	at org.openqa.selenium.remote.RemoteWebDriver.findElementByXPath(RemoteWebDriver.java:458)
	at org.openqa.selenium.By$ByXPath.findElement(By.java:361)
	at org.openqa.selenium.remote.RemoteWebDriver.findElement(RemoteWebDriver.java:348)
	at sun.reflect.GeneratedMethodAccessor4.invoke(Unknown Source)
	at sun.reflect.DelegatingMethodAccessorImpl.invoke(DelegatingMethodAccessorImpl.java:43)
	at java.lang.reflect.Method.invoke(Method.java:498)
	at org.openqa.selenium.support.events.EventFiringWebDriver$2.invoke(EventFiringWebDriver.java:109)
	at com.sun.proxy.$Proxy6.findElement(Unknown Source)
	at org.openqa.selenium.support.events.EventFiringWebDriver.findElement(EventFiringWebDriver.java:193)
	at com.adminpanel.qa.pages.BuilderList.selectBuilderByFirmName(BuilderList.java:29)
	at com.adminpanel.qa.testcases.BuilderListPageTest.selectBuilderByFirmNameTest(BuilderListPageTest.java:49)
</failure>
    <system-out>Before navigating to: &apos;https://bookmyhouse.com/services/login&apos;
Navigated to:&apos;https://bookmyhouse.com/services/login&apos;
Trying to find Element By : By.name: user_type
Found Element By : By.name: user_type
Trying to find Element By : By.name: email_email
Found Element By : By.name: email_email
Trying to find Element By : By.name: password_password
Found Element By : By.name: password_password
Trying to find Element By : By.xpath: //button[contains(text(),&apos;Sign In&apos;)]
Found Element By : By.xpath: //button[contains(text(),&apos;Sign In&apos;)]
Trying to click on: [[ChromeDriver: chrome on XP (af59ca0c26a4ca8f9f0ac43a33813f75)] -&gt; xpath: //button[contains(text(),&apos;Sign In&apos;)]]
Clicked on: [[ChromeDriver: chrome on XP (af59ca0c26a4ca8f9f0ac43a33813f75)] -&gt; xpath: //button[contains(text(),&apos;Sign In&apos;)]]
Trying to find Element By : By.xpath: //span[contains(text(),&apos;Masters&apos;)]
Found Element By : By.xpath: //span[contains(text(),&apos;Masters&apos;)]
Trying to click on: [[ChromeDriver: chrome on XP (af59ca0c26a4ca8f9f0ac43a33813f75)] -&gt; xpath: //span[contains(text(),&apos;Masters&apos;)]]
Clicked on: [[ChromeDriver: chrome on XP (af59ca0c26a4ca8f9f0ac43a33813f75)] -&gt; xpath: //span[contains(text(),&apos;Masters&apos;)]]
Trying to find Element By : By.xpath: //a[text()=&apos;Builder&apos;]
Found Element By : By.xpath: //a[text()=&apos;Builder&apos;]
Trying to click on: [[ChromeDriver: chrome on XP (af59ca0c26a4ca8f9f0ac43a33813f75)] -&gt; xpath: //a[text()=&apos;Builder&apos;]]
Clicked on: [[ChromeDriver: chrome on XP (af59ca0c26a4ca8f9f0ac43a33813f75)] -&gt; xpath: //a[text()=&apos;Builder&apos;]]
Trying to find Element By : By.xpath: //td[(text()=&apos;AARONE GROUP&apos;)]//preceding-sibling::td//input[@type=&apos;checkbox&apos;]
Exception occured: org.openqa.selenium.NoSuchElementException: no such element: Unable to locate element: {&quot;method&quot;:&quot;xpath&quot;,&quot;selector&quot;:&quot;//td[(text()=&apos;AARONE GROUP&apos;)]//preceding-sibling::td//input[@type=&apos;checkbox&apos;]&quot;}
  (Session info: chrome=62.0.3202.94)
  (Driver info: chromedriver=2.33.506120 (e3e53437346286c0bc2d2dc9aa4915ba81d9023f),platform=Windows NT 6.1.7601 SP1 x86_64) (WARNING: The server did not provide any stacktrace information)
Command duration or timeout: 0 milliseconds
For documentation on this error, please visit: http://seleniumhq.org/exceptions/no_such_element.html
Build info: version: &apos;3.6.0&apos;, revision: &apos;6fbf3ec767&apos;, time: &apos;2017-09-27T15:28:36.4Z&apos;
System info: host: &apos;UMANG-PC&apos;, ip: &apos;192.168.56.1&apos;, os.name: &apos;Windows 7&apos;, os.arch: &apos;amd64&apos;, os.version: &apos;6.1&apos;, java.version: &apos;1.8.0_77&apos;
Driver info: org.openqa.selenium.chrome.ChromeDriver
Capabilities [{mobileEmulationEnabled=false, hasTouchScreen=false, platform=XP, acceptSslCerts=true, webStorageEnabled=true, browserName=chrome, takesScreenshot=true, javascriptEnabled=true, platformName=XP, setWindowRect=true, unexpectedAlertBehaviour=, applicationCacheEnabled=false, rotatable=false, networkConnectionEnabled=false, chrome={chromedriverVersion=2.33.506120 (e3e53437346286c0bc2d2dc9aa4915ba81d9023f), userDataDir=C:\Users\ADMIN\AppData\Local\Temp\scoped_dir5312_9596}, takesHeapSnapshot=true, pageLoadStrategy=normal, unhandledPromptBehavior=, databaseEnabled=false, handlesAlerts=true, version=62.0.3202.94, browserConnectionEnabled=false, nativeEvents=true, locationContextEnabled=true, cssSelectorsEnabled=true}]
Session ID: af59ca0c26a4ca8f9f0ac43a33813f75
*** Element info: {Using=xpath, value=//td[(text()=&apos;AARONE GROUP&apos;)]//preceding-sibling::td//input[@type=&apos;checkbox&apos;]}
</system-out>
    <system-err>Starting ChromeDriver 2.33.506120 (e3e53437346286c0bc2d2dc9aa4915ba81d9023f) on port 26517
Only local connections are allowed.
Nov 20, 2017 3:38:32 PM org.openqa.selenium.remote.ProtocolHandshake createSession
INFO: Detected dialect: OSS
</system-err>
  </testcase>
  <testcase classname="com.adminpanel.qa.testcases.LoginPageTest" name="loginPageTitle" time="0.015"/>
  <testcase classname="com.adminpanel.qa.testcases.BuilderListPageTest" name="selectmultiBuilderByFirmNameTest" time="10.753">
    <failure message="no such element: Unable to locate element: {&quot;method&quot;:&quot;xpath&quot;,&quot;selector&quot;:&quot;//td[(text()=&apos;AARONE GROUP&apos;)]//preceding-sibling::td//input[@type=&apos;checkbox&apos;]&quot;}
  (Session info: chrome=62.0.3202.94)
  (Driver info: chromedriver=2.33.506120 (e3e53437346286c0bc2d2dc9aa4915ba81d9023f),platform=Windows NT 6.1.7601 SP1 x86_64) (WARNING: The server did not provide any stacktrace information)
Command duration or timeout: 0 milliseconds
For documentation on this error, please visit: http://seleniumhq.org/exceptions/no_such_element.html
Build info: version: &apos;3.6.0&apos;, revision: &apos;6fbf3ec767&apos;, time: &apos;2017-09-27T15:28:36.4Z&apos;
System info: host: &apos;UMANG-PC&apos;, ip: &apos;192.168.56.1&apos;, os.name: &apos;Windows 7&apos;, os.arch: &apos;amd64&apos;, os.version: &apos;6.1&apos;, java.version: &apos;1.8.0_77&apos;
Driver info: org.openqa.selenium.chrome.ChromeDriver
Capabilities [{mobileEmulationEnabled=false, hasTouchScreen=false, platform=XP, acceptSslCerts=true, webStorageEnabled=true, browserName=chrome, takesScreenshot=true, javascriptEnabled=true, platformName=XP, setWindowRect=true, unexpectedAlertBehaviour=, applicationCacheEnabled=false, rotatable=false, networkConnectionEnabled=false, chrome={chromedriverVersion=2.33.506120 (e3e53437346286c0bc2d2dc9aa4915ba81d9023f), userDataDir=C:\Users\ADMIN\AppData\Local\Temp\scoped_dir6664_11813}, takesHeapSnapshot=true, pageLoadStrategy=normal, unhandledPromptBehavior=, databaseEnabled=false, handlesAlerts=true, version=62.0.3202.94, browserConnectionEnabled=false, nativeEvents=true, locationContextEnabled=true, cssSelectorsEnabled=true}]
Session ID: f012c3a3c771d51952de3e4a2a15658f
*** Element info: {Using=xpath, value=//td[(text()=&apos;AARONE GROUP&apos;)]//preceding-sibling::td//input[@type=&apos;checkbox&apos;]}" type="org.openqa.selenium.NoSuchElementException">org.openqa.selenium.NoSuchElementException: no such element: Unable to locate element: {&quot;method&quot;:&quot;xpath&quot;,&quot;selector&quot;:&quot;//td[(text()=&apos;AARONE GROUP&apos;)]//preceding-sibling::td//input[@type=&apos;checkbox&apos;]&quot;}
  (Session info: chrome=62.0.3202.94)
  (Driver info: chromedriver=2.33.506120 (e3e53437346286c0bc2d2dc9aa4915ba81d9023f),platform=Windows NT 6.1.7601 SP1 x86_64) (WARNING: The server did not provide any stacktrace information)
Command duration or timeout: 0 milliseconds
For documentation on this error, please visit: http://seleniumhq.org/exceptions/no_such_element.html
Build info: version: &apos;3.6.0&apos;, revision: &apos;6fbf3ec767&apos;, time: &apos;2017-09-27T15:28:36.4Z&apos;
System info: host: &apos;UMANG-PC&apos;, ip: &apos;192.168.56.1&apos;, os.name: &apos;Windows 7&apos;, os.arch: &apos;amd64&apos;, os.version: &apos;6.1&apos;, java.version: &apos;1.8.0_77&apos;
Driver info: org.openqa.selenium.chrome.ChromeDriver
Capabilities [{mobileEmulationEnabled=false, hasTouchScreen=false, platform=XP, acceptSslCerts=true, webStorageEnabled=true, browserName=chrome, takesScreenshot=true, javascriptEnabled=true, platformName=XP, setWindowRect=true, unexpectedAlertBehaviour=, applicationCacheEnabled=false, rotatable=false, networkConnectionEnabled=false, chrome={chromedriverVersion=2.33.506120 (e3e53437346286c0bc2d2dc9aa4915ba81d9023f), userDataDir=C:\Users\ADMIN\AppData\Local\Temp\scoped_dir6664_11813}, takesHeapSnapshot=true, pageLoadStrategy=normal, unhandledPromptBehavior=, databaseEnabled=false, handlesAlerts=true, version=62.0.3202.94, browserConnectionEnabled=false, nativeEvents=true, locationContextEnabled=true, cssSelectorsEnabled=true}]
Session ID: f012c3a3c771d51952de3e4a2a15658f
*** Element info: {Using=xpath, value=//td[(text()=&apos;AARONE GROUP&apos;)]//preceding-sibling::td//input[@type=&apos;checkbox&apos;]}
	at sun.reflect.NativeConstructorAccessorImpl.newInstance0(Native Method)
	at sun.reflect.NativeConstructorAccessorImpl.newInstance(NativeConstructorAccessorImpl.java:62)
	at sun.reflect.DelegatingConstructorAccessorImpl.newInstance(DelegatingConstructorAccessorImpl.java:45)
	at java.lang.reflect.Constructor.newInstance(Constructor.java:423)
	at org.openqa.selenium.remote.ErrorHandler.createThrowable(ErrorHandler.java:214)
	at org.openqa.selenium.remote.ErrorHandler.throwIfResponseFailed(ErrorHandler.java:166)
	at org.openqa.selenium.remote.http.JsonHttpResponseCodec.reconstructValue(JsonHttpResponseCodec.java:40)
	at org.openqa.selenium.remote.http.AbstractHttpResponseCodec.decode(AbstractHttpResponseCodec.java:82)
	at org.openqa.selenium.remote.http.AbstractHttpResponseCodec.decode(AbstractHttpResponseCodec.java:45)
	at org.openqa.selenium.remote.HttpCommandExecutor.execute(HttpCommandExecutor.java:164)
	at org.openqa.selenium.remote.service.DriverCommandExecutor.execute(DriverCommandExecutor.java:83)
	at org.openqa.selenium.remote.RemoteWebDriver.execute(RemoteWebDriver.java:586)
	at org.openqa.selenium.remote.RemoteWebDriver.findElement(RemoteWebDriver.java:356)
	at org.openqa.selenium.remote.RemoteWebDriver.findElementByXPath(RemoteWebDriver.java:458)
	at org.openqa.selenium.By$ByXPath.findElement(By.java:361)
	at org.openqa.selenium.remote.RemoteWebDriver.findElement(RemoteWebDriver.java:348)
	at sun.reflect.GeneratedMethodAccessor4.invoke(Unknown Source)
	at sun.reflect.DelegatingMethodAccessorImpl.invoke(DelegatingMethodAccessorImpl.java:43)
	at java.lang.reflect.Method.invoke(Method.java:498)
	at org.openqa.selenium.support.events.EventFiringWebDriver$2.invoke(EventFiringWebDriver.java:109)
	at com.sun.proxy.$Proxy6.findElement(Unknown Source)
	at org.openqa.selenium.support.events.EventFiringWebDriver.findElement(EventFiringWebDriver.java:193)
	at com.adminpanel.qa.pages.BuilderList.selectBuilderByFirmName(BuilderList.java:29)
	at com.adminpanel.qa.testcases.BuilderListPageTest.selectmultiBuilderByFirmNameTest(BuilderListPageTest.java:54)
</failure>
    <system-out>Before navigating to: &apos;https://bookmyhouse.com/services/login&apos;
Navigated to:&apos;https://bookmyhouse.com/services/login&apos;
Trying to find Element By : By.name: user_type
Found Element By : By.name: user_type
Trying to find Element By : By.name: email_email
Found Element By : By.name: email_email
Trying to find Element By : By.name: password_password
Found Element By : By.name: password_password
Trying to find Element By : By.xpath: //button[contains(text(),&apos;Sign In&apos;)]
Found Element By : By.xpath: //button[contains(text(),&apos;Sign In&apos;)]
Trying to click on: [[ChromeDriver: chrome on XP (f012c3a3c771d51952de3e4a2a15658f)] -&gt; xpath: //button[contains(text(),&apos;Sign In&apos;)]]
Clicked on: [[ChromeDriver: chrome on XP (f012c3a3c771d51952de3e4a2a15658f)] -&gt; xpath: //button[contains(text(),&apos;Sign In&apos;)]]
Trying to find Element By : By.xpath: //td[(text()=&apos;AARONE GROUP&apos;)]//preceding-sibling::td//input[@type=&apos;checkbox&apos;]
Exception occured: org.openqa.selenium.NoSuchElementException: no such element: Unable to locate element: {&quot;method&quot;:&quot;xpath&quot;,&quot;selector&quot;:&quot;//td[(text()=&apos;AARONE GROUP&apos;)]//preceding-sibling::td//input[@type=&apos;checkbox&apos;]&quot;}
  (Session info: chrome=62.0.3202.94)
  (Driver info: chromedriver=2.33.506120 (e3e53437346286c0bc2d2dc9aa4915ba81d9023f),platform=Windows NT 6.1.7601 SP1 x86_64) (WARNING: The server did not provide any stacktrace information)
Command duration or timeout: 0 milliseconds
For documentation on this error, please visit: http://seleniumhq.org/exceptions/no_such_element.html
Build info: version: &apos;3.6.0&apos;, revision: &apos;6fbf3ec767&apos;, time: &apos;2017-09-27T15:28:36.4Z&apos;
System info: host: &apos;UMANG-PC&apos;, ip: &apos;192.168.56.1&apos;, os.name: &apos;Windows 7&apos;, os.arch: &apos;amd64&apos;, os.version: &apos;6.1&apos;, java.version: &apos;1.8.0_77&apos;
Driver info: org.openqa.selenium.chrome.ChromeDriver
Capabilities [{mobileEmulationEnabled=false, hasTouchScreen=false, platform=XP, acceptSslCerts=true, webStorageEnabled=true, browserName=chrome, takesScreenshot=true, javascriptEnabled=true, platformName=XP, setWindowRect=true, unexpectedAlertBehaviour=, applicationCacheEnabled=false, rotatable=false, networkConnectionEnabled=false, chrome={chromedriverVersion=2.33.506120 (e3e53437346286c0bc2d2dc9aa4915ba81d9023f), userDataDir=C:\Users\ADMIN\AppData\Local\Temp\scoped_dir6664_11813}, takesHeapSnapshot=true, pageLoadStrategy=normal, unhandledPromptBehavior=, databaseEnabled=false, handlesAlerts=true, version=62.0.3202.94, browserConnectionEnabled=false, nativeEvents=true, locationContextEnabled=true, cssSelectorsEnabled=true}]
Session ID: f012c3a3c771d51952de3e4a2a15658f
*** Element info: {Using=xpath, value=//td[(text()=&apos;AARONE GROUP&apos;)]//preceding-sibling::td//input[@type=&apos;checkbox&apos;]}
</system-out>
    <system-err>Starting ChromeDriver 2.33.506120 (e3e53437346286c0bc2d2dc9aa4915ba81d9023f) on port 5220
Only local connections are allowed.
Nov 20, 2017 3:39:16 PM org.openqa.selenium.remote.ProtocolHandshake createSession
INFO: Detected dialect: OSS
</system-err>
  </testcase>
  <testcase classname="com.adminpanel.qa.testcases.LoginPageTest" name="valiateLogin" time="8.657"/>
  <testcase classname="com.adminpanel.qa.testcases.BuilderListPageTest" name="clickOnAddBuilderLinkTest" time="10.605">
    <failure message="no such element: Unable to locate element: {&quot;method&quot;:&quot;xpath&quot;,&quot;selector&quot;:&quot;//a[contains(text(),&apos;Add New Builder&apos;)]&quot;}
  (Session info: chrome=62.0.3202.94)
  (Driver info: chromedriver=2.33.506120 (e3e53437346286c0bc2d2dc9aa4915ba81d9023f),platform=Windows NT 6.1.7601 SP1 x86_64) (WARNING: The server did not provide any stacktrace information)
Command duration or timeout: 0 milliseconds
For documentation on this error, please visit: http://seleniumhq.org/exceptions/no_such_element.html
Build info: version: &apos;3.6.0&apos;, revision: &apos;6fbf3ec767&apos;, time: &apos;2017-09-27T15:28:36.4Z&apos;
System info: host: &apos;UMANG-PC&apos;, ip: &apos;192.168.56.1&apos;, os.name: &apos;Windows 7&apos;, os.arch: &apos;amd64&apos;, os.version: &apos;6.1&apos;, java.version: &apos;1.8.0_77&apos;
Driver info: org.openqa.selenium.chrome.ChromeDriver
Capabilities [{mobileEmulationEnabled=false, hasTouchScreen=false, platform=XP, acceptSslCerts=true, webStorageEnabled=true, browserName=chrome, takesScreenshot=true, javascriptEnabled=true, platformName=XP, setWindowRect=true, unexpectedAlertBehaviour=, applicationCacheEnabled=false, rotatable=false, networkConnectionEnabled=false, chrome={chromedriverVersion=2.33.506120 (e3e53437346286c0bc2d2dc9aa4915ba81d9023f), userDataDir=C:\Users\ADMIN\AppData\Local\Temp\scoped_dir6200_3077}, takesHeapSnapshot=true, pageLoadStrategy=normal, unhandledPromptBehavior=, databaseEnabled=false, handlesAlerts=true, version=62.0.3202.94, browserConnectionEnabled=false, nativeEvents=true, locationContextEnabled=true, cssSelectorsEnabled=true}]
Session ID: 29cfba615d90432b4d45f8395cd0a923
*** Element info: {Using=xpath, value=//a[contains(text(),&apos;Add New Builder&apos;)]}" type="org.openqa.selenium.NoSuchElementException">org.openqa.selenium.NoSuchElementException: no such element: Unable to locate element: {&quot;method&quot;:&quot;xpath&quot;,&quot;selector&quot;:&quot;//a[contains(text(),&apos;Add New Builder&apos;)]&quot;}
  (Session info: chrome=62.0.3202.94)
  (Driver info: chromedriver=2.33.506120 (e3e53437346286c0bc2d2dc9aa4915ba81d9023f),platform=Windows NT 6.1.7601 SP1 x86_64) (WARNING: The server did not provide any stacktrace information)
Command duration or timeout: 0 milliseconds
For documentation on this error, please visit: http://seleniumhq.org/exceptions/no_such_element.html
Build info: version: &apos;3.6.0&apos;, revision: &apos;6fbf3ec767&apos;, time: &apos;2017-09-27T15:28:36.4Z&apos;
System info: host: &apos;UMANG-PC&apos;, ip: &apos;192.168.56.1&apos;, os.name: &apos;Windows 7&apos;, os.arch: &apos;amd64&apos;, os.version: &apos;6.1&apos;, java.version: &apos;1.8.0_77&apos;
Driver info: org.openqa.selenium.chrome.ChromeDriver
Capabilities [{mobileEmulationEnabled=false, hasTouchScreen=false, platform=XP, acceptSslCerts=true, webStorageEnabled=true, browserName=chrome, takesScreenshot=true, javascriptEnabled=true, platformName=XP, setWindowRect=true, unexpectedAlertBehaviour=, applicationCacheEnabled=false, rotatable=false, networkConnectionEnabled=false, chrome={chromedriverVersion=2.33.506120 (e3e53437346286c0bc2d2dc9aa4915ba81d9023f), userDataDir=C:\Users\ADMIN\AppData\Local\Temp\scoped_dir6200_3077}, takesHeapSnapshot=true, pageLoadStrategy=normal, unhandledPromptBehavior=, databaseEnabled=false, handlesAlerts=true, version=62.0.3202.94, browserConnectionEnabled=false, nativeEvents=true, locationContextEnabled=true, cssSelectorsEnabled=true}]
Session ID: 29cfba615d90432b4d45f8395cd0a923
*** Element info: {Using=xpath, value=//a[contains(text(),&apos;Add New Builder&apos;)]}
	at sun.reflect.NativeConstructorAccessorImpl.newInstance0(Native Method)
	at sun.reflect.NativeConstructorAccessorImpl.newInstance(NativeConstructorAccessorImpl.java:62)
	at sun.reflect.DelegatingConstructorAccessorImpl.newInstance(DelegatingConstructorAccessorImpl.java:45)
	at java.lang.reflect.Constructor.newInstance(Constructor.java:423)
	at org.openqa.selenium.remote.ErrorHandler.createThrowable(ErrorHandler.java:214)
	at org.openqa.selenium.remote.ErrorHandler.throwIfResponseFailed(ErrorHandler.java:166)
	at org.openqa.selenium.remote.http.JsonHttpResponseCodec.reconstructValue(JsonHttpResponseCodec.java:40)
	at org.openqa.selenium.remote.http.AbstractHttpResponseCodec.decode(AbstractHttpResponseCodec.java:82)
	at org.openqa.selenium.remote.http.AbstractHttpResponseCodec.decode(AbstractHttpResponseCodec.java:45)
	at org.openqa.selenium.remote.HttpCommandExecutor.execute(HttpCommandExecutor.java:164)
	at org.openqa.selenium.remote.service.DriverCommandExecutor.execute(DriverCommandExecutor.java:83)
	at org.openqa.selenium.remote.RemoteWebDriver.execute(RemoteWebDriver.java:586)
	at org.openqa.selenium.remote.RemoteWebDriver.findElement(RemoteWebDriver.java:356)
	at org.openqa.selenium.remote.RemoteWebDriver.findElementByXPath(RemoteWebDriver.java:458)
	at org.openqa.selenium.By$ByXPath.findElement(By.java:361)
	at org.openqa.selenium.remote.RemoteWebDriver.findElement(RemoteWebDriver.java:348)
	at sun.reflect.GeneratedMethodAccessor4.invoke(Unknown Source)
	at sun.reflect.DelegatingMethodAccessorImpl.invoke(DelegatingMethodAccessorImpl.java:43)
	at java.lang.reflect.Method.invoke(Method.java:498)
	at org.openqa.selenium.support.events.EventFiringWebDriver$2.invoke(EventFiringWebDriver.java:109)
	at com.sun.proxy.$Proxy6.findElement(Unknown Source)
	at org.openqa.selenium.support.events.EventFiringWebDriver.findElement(EventFiringWebDriver.java:193)
	at org.openqa.selenium.support.pagefactory.DefaultElementLocator.findElement(DefaultElementLocator.java:69)
	at org.openqa.selenium.support.pagefactory.internal.LocatingElementHandler.invoke(LocatingElementHandler.java:38)
	at com.sun.proxy.$Proxy10.click(Unknown Source)
	at com.adminpanel.qa.pages.BuilderList.clickOnAddBuilderLink(BuilderList.java:34)
	at com.adminpanel.qa.testcases.BuilderListPageTest.clickOnAddBuilderLinkTest(BuilderListPageTest.java:61)
</failure>
    <system-out>Before navigating to: &apos;https://bookmyhouse.com/services/login&apos;
Navigated to:&apos;https://bookmyhouse.com/services/login&apos;
Trying to find Element By : By.name: user_type
Found Element By : By.name: user_type
Trying to find Element By : By.name: email_email
Found Element By : By.name: email_email
Trying to find Element By : By.name: password_password
Found Element By : By.name: password_password
Trying to find Element By : By.xpath: //button[contains(text(),&apos;Sign In&apos;)]
Found Element By : By.xpath: //button[contains(text(),&apos;Sign In&apos;)]
Trying to click on: [[ChromeDriver: chrome on XP (29cfba615d90432b4d45f8395cd0a923)] -&gt; xpath: //button[contains(text(),&apos;Sign In&apos;)]]
Clicked on: [[ChromeDriver: chrome on XP (29cfba615d90432b4d45f8395cd0a923)] -&gt; xpath: //button[contains(text(),&apos;Sign In&apos;)]]
Trying to find Element By : By.xpath: //a[contains(text(),&apos;Add New Builder&apos;)]
Exception occured: org.openqa.selenium.NoSuchElementException: no such element: Unable to locate element: {&quot;method&quot;:&quot;xpath&quot;,&quot;selector&quot;:&quot;//a[contains(text(),&apos;Add New Builder&apos;)]&quot;}
  (Session info: chrome=62.0.3202.94)
  (Driver info: chromedriver=2.33.506120 (e3e53437346286c0bc2d2dc9aa4915ba81d9023f),platform=Windows NT 6.1.7601 SP1 x86_64) (WARNING: The server did not provide any stacktrace information)
Command duration or timeout: 0 milliseconds
For documentation on this error, please visit: http://seleniumhq.org/exceptions/no_such_element.html
Build info: version: &apos;3.6.0&apos;, revision: &apos;6fbf3ec767&apos;, time: &apos;2017-09-27T15:28:36.4Z&apos;
System info: host: &apos;UMANG-PC&apos;, ip: &apos;192.168.56.1&apos;, os.name: &apos;Windows 7&apos;, os.arch: &apos;amd64&apos;, os.version: &apos;6.1&apos;, java.version: &apos;1.8.0_77&apos;
Driver info: org.openqa.selenium.chrome.ChromeDriver
Capabilities [{mobileEmulationEnabled=false, hasTouchScreen=false, platform=XP, acceptSslCerts=true, webStorageEnabled=true, browserName=chrome, takesScreenshot=true, javascriptEnabled=true, platformName=XP, setWindowRect=true, unexpectedAlertBehaviour=, applicationCacheEnabled=false, rotatable=false, networkConnectionEnabled=false, chrome={chromedriverVersion=2.33.506120 (e3e53437346286c0bc2d2dc9aa4915ba81d9023f), userDataDir=C:\Users\ADMIN\AppData\Local\Temp\scoped_dir6200_3077}, takesHeapSnapshot=true, pageLoadStrategy=normal, unhandledPromptBehavior=, databaseEnabled=false, handlesAlerts=true, version=62.0.3202.94, browserConnectionEnabled=false, nativeEvents=true, locationContextEnabled=true, cssSelectorsEnabled=true}]
Session ID: 29cfba615d90432b4d45f8395cd0a923
*** Element info: {Using=xpath, value=//a[contains(text(),&apos;Add New Builder&apos;)]}
</system-out>
    <system-err>Starting ChromeDriver 2.33.506120 (e3e53437346286c0bc2d2dc9aa4915ba81d9023f) on port 38969
Only local connections are allowed.
Nov 20, 2017 3:40:01 PM org.openqa.selenium.remote.ProtocolHandshake createSession
INFO: Detected dialect: OSS
</system-err>
  </testcase>
</testsuite>