<?xml version="1.0" encoding="UTF-8"?>
<testng-results skipped="0" failed="0" ignored="0" total="2" passed="2">
  <reporter-output>
  </reporter-output>
  <suite name="Default suite" duration-ms="84528" started-at="2017-11-15T05:22:44Z" finished-at="2017-11-15T05:24:09Z">
    <groups>
    </groups>
    <test name="Default test" duration-ms="84528" started-at="2017-11-15T05:22:44Z" finished-at="2017-11-15T05:24:09Z">
      <class name="com.adminpanel.qa.testcases.AddNewBankTest">
        <test-method status="PASS" signature="setup()[pri:0, instance:com.adminpanel.qa.testcases.AddNewBankTest@6f7fd0e6]" name="setup" is-config="true" duration-ms="19059" started-at="2017-11-15T10:52:46Z" finished-at="2017-11-15T10:53:05Z">
          <reporter-output>
          </reporter-output>
        </test-method> <!-- setup -->
        <test-method status="PASS" signature="addNewBankTest(java.lang.String, java.lang.String, java.lang.String, java.lang.String, java.lang.String, java.lang.String, java.lang.String, java.lang.String, java.lang.String, java.lang.String, java.lang.String, java.lang.String, java.lang.String, java.lang.String, java.lang.String)[pri:0, instance:com.adminpanel.qa.testcases.AddNewBankTest@6f7fd0e6]" name="addNewBankTest" duration-ms="22780" started-at="2017-11-15T10:53:05Z" data-provider="getAddBankTestData" finished-at="2017-11-15T10:53:28Z">
          <params>
            <param index="0">
              <value>
                <![CDATA[abcdd]]>
              </value>
            </param>
            <param index="1">
              <value>
                <![CDATA[abc1114@gmail.com]]>
              </value>
            </param>
            <param index="2">
              <value>
                <![CDATA[QWERT4561Y]]>
              </value>
            </param>
            <param index="3">
              <value>
                <![CDATA[Tes]]>
              </value>
            </param>
            <param index="4">
              <value>
                <![CDATA[Testss]]>
              </value>
            </param>
            <param index="5">
              <value>
                <![CDATA[123456]]>
              </value>
            </param>
            <param index="6">
              <value>
                <![CDATA[5678941254681234]]>
              </value>
            </param>
            <param index="7">
              <value>
                <![CDATA[can holder]]>
              </value>
            </param>
            <param index="8">
              <value>
                <![CDATA[SBI]]>
              </value>
            </param>
            <param index="9">
              <value>
                <![CDATA[branch]]>
              </value>
            </param>
            <param index="10">
              <value>
                <![CDATA[city]]>
              </value>
            </param>
            <param index="11">
              <value>
                <![CDATA[123456asd]]>
              </value>
            </param>
            <param index="12">
              <value>
                <![CDATA[test]]>
              </value>
            </param>
            <param index="13">
              <value>
                <![CDATA[teseet@gmail.com]]>
              </value>
            </param>
            <param index="14">
              <value>
                <![CDATA[9873084507]]>
              </value>
            </param>
          </params>
          <reporter-output>
          </reporter-output>
        </test-method> <!-- addNewBankTest -->
        <test-method status="PASS" signature="tearDown()[pri:0, instance:com.adminpanel.qa.testcases.AddNewBankTest@6f7fd0e6]" name="tearDown" is-config="true" duration-ms="0" started-at="2017-11-15T10:53:28Z" finished-at="2017-11-15T10:53:28Z">
          <reporter-output>
          </reporter-output>
        </test-method> <!-- tearDown -->
        <test-method status="PASS" signature="setup()[pri:0, instance:com.adminpanel.qa.testcases.AddNewBankTest@6f7fd0e6]" name="setup" is-config="true" duration-ms="16996" started-at="2017-11-15T10:53:28Z" finished-at="2017-11-15T10:53:45Z">
          <reporter-output>
          </reporter-output>
        </test-method> <!-- setup -->
        <test-method status="PASS" signature="addNewBankTest(java.lang.String, java.lang.String, java.lang.String, java.lang.String, java.lang.String, java.lang.String, java.lang.String, java.lang.String, java.lang.String, java.lang.String, java.lang.String, java.lang.String, java.lang.String, java.lang.String, java.lang.String)[pri:0, instance:com.adminpanel.qa.testcases.AddNewBankTest@6f7fd0e6]" name="addNewBankTest" duration-ms="24251" started-at="2017-11-15T10:53:45Z" data-provider="getAddBankTestData" finished-at="2017-11-15T10:54:09Z">
          <params>
            <param index="0">
              <value>
                <![CDATA[abcee]]>
              </value>
            </param>
            <param index="1">
              <value>
                <![CDATA[abc2422@gmail.com]]>
              </value>
            </param>
            <param index="2">
              <value>
                <![CDATA[QWERT4561Y]]>
              </value>
            </param>
            <param index="3">
              <value>
                <![CDATA[Tes]]>
              </value>
            </param>
            <param index="4">
              <value>
                <![CDATA[Testss]]>
              </value>
            </param>
            <param index="5">
              <value>
                <![CDATA[123456]]>
              </value>
            </param>
            <param index="6">
              <value>
                <![CDATA[5678941254681234]]>
              </value>
            </param>
            <param index="7">
              <value>
                <![CDATA[can holder]]>
              </value>
            </param>
            <param index="8">
              <value>
                <![CDATA[SBI]]>
              </value>
            </param>
            <param index="9">
              <value>
                <![CDATA[branch]]>
              </value>
            </param>
            <param index="10">
              <value>
                <![CDATA[city]]>
              </value>
            </param>
            <param index="11">
              <value>
                <![CDATA[123456asd]]>
              </value>
            </param>
            <param index="12">
              <value>
                <![CDATA[test]]>
              </value>
            </param>
            <param index="13">
              <value>
                <![CDATA[teseet@gmail.com]]>
              </value>
            </param>
            <param index="14">
              <value>
                <![CDATA[9873084507]]>
              </value>
            </param>
          </params>
          <reporter-output>
          </reporter-output>
        </test-method> <!-- addNewBankTest -->
        <test-method status="PASS" signature="tearDown()[pri:0, instance:com.adminpanel.qa.testcases.AddNewBankTest@6f7fd0e6]" name="tearDown" is-config="true" duration-ms="0" started-at="2017-11-15T10:54:09Z" finished-at="2017-11-15T10:54:09Z">
          <reporter-output>
          </reporter-output>
        </test-method> <!-- tearDown -->
      </class> <!-- com.adminpanel.qa.testcases.AddNewBankTest -->
    </test> <!-- Default test -->
  </suite> <!-- Default suite -->
</testng-results>
